Name                                                                                             Stmts   Miss Branch BrPart  Cover
----------------------------------------------------------------------------------------------------------------------------------
azure/ai/evaluation/__init__.py                                                                     53      8      4      1    84%
azure/ai/evaluation/_aoai/__init__.py                                                                2      0      0      0   100%
azure/ai/evaluation/_aoai/aoai_grader.py                                                            47     12     19      2    70%
azure/ai/evaluation/_aoai/label_grader.py                                                           13      0      2      0   100%
azure/ai/evaluation/_aoai/python_grader.py                                                          16      0      4      0   100%
azure/ai/evaluation/_aoai/score_model_grader.py                                                     28      0     14      1    98%
azure/ai/evaluation/_aoai/string_check_grader.py                                                    14      0      2      0   100%
azure/ai/evaluation/_aoai/text_similarity_grader.py                                                 14      0      2      0   100%
azure/ai/evaluation/_azure/_clients.py                                                              90     64     18      0    24%
azure/ai/evaluation/_azure/_envs.py                                                                107     61     28      2    36%
azure/ai/evaluation/_azure/_models.py                                                               61     45      0      0    26%
azure/ai/evaluation/_azure/_token_manager.py                                                        55     39     14      0    23%
azure/ai/evaluation/_common/__init__.py                                                              6      0      0      0   100%
azure/ai/evaluation/_common/_experimental.py                                                        83      5     28      6    90%
azure/ai/evaluation/_common/constants.py                                                            51      0      0      0   100%
azure/ai/evaluation/_common/evaluation_onedp_client.py                                              32     17      0      0    47%
azure/ai/evaluation/_common/math.py                                                                 19      0     10      0   100%
azure/ai/evaluation/_common/onedp/__init__.py                                                       15      3      4      1    79%
azure/ai/evaluation/_common/onedp/_client.py                                                        47     31      4      1    33%
azure/ai/evaluation/_common/onedp/_configuration.py                                                 32     24      8      1    22%
azure/ai/evaluation/_common/onedp/_model_base.py                                                   693    693    394      0     0%
azure/ai/evaluation/_common/onedp/_patch.py                                                          3      0      0      0   100%
azure/ai/evaluation/_common/onedp/_serialization.py                                               1018   1018    482      0     0%
azure/ai/evaluation/_common/onedp/_types.py                                                          6      6      2      0     0%
azure/ai/evaluation/_common/onedp/_utils/model_base.py                                             693    419    394     53    34%
azure/ai/evaluation/_common/onedp/_utils/serialization.py                                         1018    851    482      2    11%
azure/ai/evaluation/_common/onedp/_validation.py                                                    26     15      8      0    32%
azure/ai/evaluation/_common/onedp/_vendor.py                                                        23     23     14      0     0%
azure/ai/evaluation/_common/onedp/_version.py                                                        1      0      0      0   100%
azure/ai/evaluation/_common/onedp/aio/__init__.py                                                   13     13      4      0     0%
azure/ai/evaluation/_common/onedp/aio/_client.py                                                    47     47      4      0     0%
azure/ai/evaluation/_common/onedp/aio/_configuration.py                                             32     32      8      0     0%
azure/ai/evaluation/_common/onedp/aio/_patch.py                                                      3      3      0      0     0%
azure/ai/evaluation/_common/onedp/aio/operations/__init__.py                                        22     22      4      0     0%
azure/ai/evaluation/_common/onedp/aio/operations/_operations.py                                   2476   2476    590      0     0%
azure/ai/evaluation/_common/onedp/aio/operations/_patch.py                                           3      3      0      0     0%
azure/ai/evaluation/_common/onedp/models/__init__.py                                                11      1      4      1    87%
azure/ai/evaluation/_common/onedp/models/_enums.py                                                 198      0      0      0   100%
azure/ai/evaluation/_common/onedp/models/_models.py                                               1418    132    254    127    85%
azure/ai/evaluation/_common/onedp/models/_patch.py                                                   3      0      0      0   100%
azure/ai/evaluation/_common/onedp/operations/__init__.py                                            22      1      4      1    92%
azure/ai/evaluation/_common/onedp/operations/_operations.py                                       3368   2917    708      0    11%
azure/ai/evaluation/_common/onedp/operations/_patch.py                                               3      0      0      0   100%
azure/ai/evaluation/_common/onedp/servicepatterns/__init__.py                                        1      1      0      0     0%
azure/ai/evaluation/_common/onedp/servicepatterns/aio/__init__.py                                    1      1      0      0     0%
azure/ai/evaluation/_common/onedp/servicepatterns/aio/operations/__init__.py                        10     10      4      0     0%
azure/ai/evaluation/_common/onedp/servicepatterns/aio/operations/_operations.py                     12     12      0      0     0%
azure/ai/evaluation/_common/onedp/servicepatterns/aio/operations/_patch.py                           3      3      0      0     0%
azure/ai/evaluation/_common/onedp/servicepatterns/buildingblocks/__init__.py                         1      1      0      0     0%
azure/ai/evaluation/_common/onedp/servicepatterns/buildingblocks/aio/__init__.py                     1      1      0      0     0%
azure/ai/evaluation/_common/onedp/servicepatterns/buildingblocks/aio/operations/__init__.py          9      9      4      0     0%
azure/ai/evaluation/_common/onedp/servicepatterns/buildingblocks/aio/operations/_operations.py      10     10      0      0     0%
azure/ai/evaluation/_common/onedp/servicepatterns/buildingblocks/aio/operations/_patch.py            3      3      0      0     0%
azure/ai/evaluation/_common/onedp/servicepatterns/buildingblocks/operations/__init__.py              9      9      4      0     0%
azure/ai/evaluation/_common/onedp/servicepatterns/buildingblocks/operations/_operations.py          10     10      0      0     0%
azure/ai/evaluation/_common/onedp/servicepatterns/buildingblocks/operations/_patch.py                3      3      0      0     0%
azure/ai/evaluation/_common/onedp/servicepatterns/operations/__init__.py                            10     10      4      0     0%
azure/ai/evaluation/_common/onedp/servicepatterns/operations/_operations.py                         12     12      0      0     0%
azure/ai/evaluation/_common/onedp/servicepatterns/operations/_patch.py                               3      3      0      0     0%
azure/ai/evaluation/_common/rai_service.py                                                         436    217    168     18    46%
azure/ai/evaluation/_common/raiclient/__init__.py                                                   15     15      4      0     0%
azure/ai/evaluation/_common/raiclient/_client.py                                                    35     35      4      0     0%
azure/ai/evaluation/_common/raiclient/_configuration.py                                             40     40     14      0     0%
azure/ai/evaluation/_common/raiclient/_model_base.py                                               695    695    396      0     0%
azure/ai/evaluation/_common/raiclient/_patch.py                                                      3      3      0      0     0%
azure/ai/evaluation/_common/raiclient/_serialization.py                                           1018   1018    482      0     0%
azure/ai/evaluation/_common/raiclient/_version.py                                                    1      1      0      0     0%
azure/ai/evaluation/_common/raiclient/aio/__init__.py                                               13     13      4      0     0%
azure/ai/evaluation/_common/raiclient/aio/_client.py                                                35     35      4      0     0%
azure/ai/evaluation/_common/raiclient/aio/_configuration.py                                         40     40     14      0     0%
azure/ai/evaluation/_common/raiclient/aio/_patch.py                                                  3      3      0      0     0%
azure/ai/evaluation/_common/raiclient/aio/operations/__init__.py                                    10     10      4      0     0%
azure/ai/evaluation/_common/raiclient/aio/operations/_operations.py                                361    361     96      0     0%
azure/ai/evaluation/_common/raiclient/aio/operations/_patch.py                                       3      3      0      0     0%
azure/ai/evaluation/_common/raiclient/models/__init__.py                                            11     11      4      0     0%
azure/ai/evaluation/_common/raiclient/models/_enums.py                                               6      6      0      0     0%
azure/ai/evaluation/_common/raiclient/models/_models.py                                            158    158     32      0     0%
azure/ai/evaluation/_common/raiclient/models/_patch.py                                               3      3      0      0     0%
azure/ai/evaluation/_common/raiclient/operations/__init__.py                                        10     10      4      0     0%
azure/ai/evaluation/_common/raiclient/operations/_operations.py                                    489    489    118      0     0%
azure/ai/evaluation/_common/raiclient/operations/_patch.py                                           3      3      0      0     0%
azure/ai/evaluation/_common/utils.py                                                               483    148    315     45    66%
azure/ai/evaluation/_constants.py                                                                   72      0      2      0   100%
azure/ai/evaluation/_converters/_ai_services.py                                                    283    283    142      0     0%
azure/ai/evaluation/_converters/_models.py                                                         145     70     40      1    41%
azure/ai/evaluation/_converters/_sk_services.py                                                    192    187     76      0     2%
azure/ai/evaluation/_eval_mapping.py                                                                 8      0      0      0   100%
azure/ai/evaluation/_evaluate/_batch_run/__init__.py                                                 6      0      0      0   100%
azure/ai/evaluation/_evaluate/_batch_run/_run_submitter_client.py                                   84     13     26      7    78%
azure/ai/evaluation/_evaluate/_batch_run/batch_clients.py                                           17      4      4      1    76%
azure/ai/evaluation/_evaluate/_batch_run/code_client.py                                            103     27     26      5    71%
azure/ai/evaluation/_evaluate/_batch_run/eval_run_context.py                                        55      0     20      2    97%
azure/ai/evaluation/_evaluate/_batch_run/proxy_client.py                                            66      5     16      4    87%
azure/ai/evaluation/_evaluate/_batch_run/target_run_context.py                                      29      0      8      4    89%
azure/ai/evaluation/_evaluate/_eval_run.py                                                         202     16     70      9    89%
azure/ai/evaluation/_evaluate/_evaluate.py                                                        1110    331    667     97    66%
azure/ai/evaluation/_evaluate/_evaluate_aoai.py                                                    394    127    196     27    65%
azure/ai/evaluation/_evaluate/_telemetry/__init__.py                                                46     46     12      0     0%
azure/ai/evaluation/_evaluate/_utils.py                                                            216     22     64     10    85%
azure/ai/evaluation/_evaluator_definition.py                                                        48     23     14      0    47%
azure/ai/evaluation/_evaluators/_bleu/__init__.py                                                    2      0      0      0   100%
azure/ai/evaluation/_evaluators/_bleu/_bleu.py                                                      30      1      2      1    94%
azure/ai/evaluation/_evaluators/_code_vulnerability/__init__.py                                      2      0      0      0   100%
azure/ai/evaluation/_evaluators/_code_vulnerability/_code_vulnerability.py                          19      1      4      1    91%
azure/ai/evaluation/_evaluators/_coherence/__init__.py                                               2      0      0      0   100%
azure/ai/evaluation/_evaluators/_coherence/_coherence.py                                            23      6      0      0    74%
azure/ai/evaluation/_evaluators/_common/__init__.py                                                  5      0      0      0   100%
azure/ai/evaluation/_evaluators/_common/_base_eval.py                                              326     60    194     28    78%
azure/ai/evaluation/_evaluators/_common/_base_multi_eval.py                                         25     10      8      0    45%
azure/ai/evaluation/_evaluators/_common/_base_prompty_eval.py                                      131     22     58     15    77%
azure/ai/evaluation/_evaluators/_common/_base_rai_svc_eval.py                                       63     35     22      0    33%
azure/ai/evaluation/_evaluators/_common/_conversation_aggregators.py                                27      5     18      2    80%
azure/ai/evaluation/_evaluators/_content_safety/__init__.py                                          6      0      0      0   100%
azure/ai/evaluation/_evaluators/_content_safety/_content_safety.py                                  29      3      8      2    86%
azure/ai/evaluation/_evaluators/_content_safety/_hate_unfairness.py                                 21      1      2      0    96%
azure/ai/evaluation/_evaluators/_content_safety/_self_harm.py                                       21      0      2      0   100%
azure/ai/evaluation/_evaluators/_content_safety/_sexual.py                                          21      0      2      0   100%
azure/ai/evaluation/_evaluators/_content_safety/_violence.py                                        21      0      2      0   100%
azure/ai/evaluation/_evaluators/_document_retrieval/__init__.py                                      2      0      0      0   100%
azure/ai/evaluation/_evaluators/_document_retrieval/_document_retrieval.py                         135      4     70      5    96%
azure/ai/evaluation/_evaluators/_eci/_eci.py                                                        19      2      6      2    84%
azure/ai/evaluation/_evaluators/_f1_score/__init__.py                                                2      0      0      0   100%
azure/ai/evaluation/_evaluators/_f1_score/_f1_score.py                                              57      2     10      1    93%
azure/ai/evaluation/_evaluators/_fluency/__init__.py                                                 2      0      0      0   100%
azure/ai/evaluation/_evaluators/_fluency/_fluency.py                                                23      0      0      0   100%
azure/ai/evaluation/_evaluators/_gleu/__init__.py                                                    2      0      0      0   100%
azure/ai/evaluation/_evaluators/_gleu/_gleu.py                                                      32     13      6      0    50%
azure/ai/evaluation/_evaluators/_groundedness/__init__.py                                            2      0      0      0   100%
azure/ai/evaluation/_evaluators/_groundedness/_groundedness.py                                     124     14     42      8    86%
azure/ai/evaluation/_evaluators/_intent_resolution/__init__.py                                       2      0      0      0   100%
azure/ai/evaluation/_evaluators/_intent_resolution/_intent_resolution.py                            53     25     10      0    48%
azure/ai/evaluation/_evaluators/_meteor/__init__.py                                                  2      0      0      0   100%
azure/ai/evaluation/_evaluators/_meteor/_meteor.py                                                  36      2      6      1    88%
azure/ai/evaluation/_evaluators/_protected_material/__init__.py                                      2      0      0      0   100%
azure/ai/evaluation/_evaluators/_protected_material/_protected_material.py                          22      4      4      0    77%
azure/ai/evaluation/_evaluators/_qa/__init__.py                                                      2      0      0      0   100%
azure/ai/evaluation/_evaluators/_qa/_qa.py                                                          22      6      4      0    62%
azure/ai/evaluation/_evaluators/_relevance/__init__.py                                               2      0      0      0   100%
azure/ai/evaluation/_evaluators/_relevance/_relevance.py                                            45     19     10      0    47%
azure/ai/evaluation/_evaluators/_response_completeness/__init__.py                                   2      0      0      0   100%
azure/ai/evaluation/_evaluators/_response_completeness/_response_completeness.py                    52      7     10      3    81%
azure/ai/evaluation/_evaluators/_retrieval/__init__.py                                               2      0      0      0   100%
azure/ai/evaluation/_evaluators/_retrieval/_retrieval.py                                            25      0      0      0   100%
azure/ai/evaluation/_evaluators/_rouge/__init__.py                                                   2      0      0      0   100%
azure/ai/evaluation/_evaluators/_rouge/_rouge.py                                                    62     30     18      1    44%
azure/ai/evaluation/_evaluators/_service_groundedness/__init__.py                                    2      0      0      0   100%
azure/ai/evaluation/_evaluators/_service_groundedness/_service_groundedness.py                      33      8      4      0    73%
azure/ai/evaluation/_evaluators/_similarity/__init__.py                                              2      0      0      0   100%
azure/ai/evaluation/_evaluators/_similarity/_similarity.py                                          20      0      0      0   100%
azure/ai/evaluation/_evaluators/_task_adherence/__init__.py                                          2      0      0      0   100%
azure/ai/evaluation/_evaluators/_task_adherence/_task_adherence.py                                  81     55     40      0    23%
azure/ai/evaluation/_evaluators/_task_completion/__init__.py                                         2      0      0      0   100%
azure/ai/evaluation/_evaluators/_task_completion/_task_completion.py                                47      1     12      2    95%
azure/ai/evaluation/_evaluators/_task_navigation_efficiency/__init__.py                              2      0      0      0   100%
azure/ai/evaluation/_evaluators/_task_navigation_efficiency/_task_navigation_efficiency.py         113     11     64      9    89%
azure/ai/evaluation/_evaluators/_tool_call_accuracy/__init__.py                                      2      0      0      0   100%
azure/ai/evaluation/_evaluators/_tool_call_accuracy/_tool_call_accuracy.py                          80      5     22      5    90%
azure/ai/evaluation/_evaluators/_tool_call_success/__init__.py                                       2      0      0      0   100%
azure/ai/evaluation/_evaluators/_tool_call_success/_tool_call_success.py                           128    101     68      0    15%
azure/ai/evaluation/_evaluators/_tool_input_accuracy/__init__.py                                     2      0      0      0   100%
azure/ai/evaluation/_evaluators/_tool_input_accuracy/_tool_input_accuracy.py                        82      3     26      5    93%
azure/ai/evaluation/_evaluators/_tool_output_utilization/__init__.py                                 2      0      0      0   100%
azure/ai/evaluation/_evaluators/_tool_output_utilization/_tool_output_utilization.py                61     35     18      0    35%
azure/ai/evaluation/_evaluators/_tool_selection/__init__.py                                          2      0      0      0   100%
azure/ai/evaluation/_evaluators/_tool_selection/_tool_selection.py                                  87     13     28      8    78%
azure/ai/evaluation/_evaluators/_ungrounded_attributes/__init__.py                                   2      0      0      0   100%
azure/ai/evaluation/_evaluators/_ungrounded_attributes/_ungrounded_attributes.py                    19      1      4      1    91%
azure/ai/evaluation/_evaluators/_xpia/__init__.py                                                    2      0      0      0   100%
azure/ai/evaluation/_evaluators/_xpia/xpia.py                                                       22      2      2      0    92%
azure/ai/evaluation/_exceptions.py                                                                  73      0      2      0   100%
azure/ai/evaluation/_http_utils.py                                                                  94     19      0      0    80%
azure/ai/evaluation/_legacy/_adapters/_check.py                                                      9      2      0      0    78%
azure/ai/evaluation/_legacy/_adapters/_configuration.py                                             28     22      6      0    18%
azure/ai/evaluation/_legacy/_adapters/_constants.py                                                  4      0      0      0   100%
azure/ai/evaluation/_legacy/_adapters/_errors.py                                                    14      9      0      0    36%
azure/ai/evaluation/_legacy/_adapters/_flows.py                                                     16      8      0      0    50%
azure/ai/evaluation/_legacy/_adapters/_service.py                                                    7      7      0      0     0%
azure/ai/evaluation/_legacy/_adapters/client.py                                                     20     10      0      0    50%
azure/ai/evaluation/_legacy/_adapters/entities.py                                                   17     13      0      0    24%
azure/ai/evaluation/_legacy/_adapters/tracing.py                                                    14      4      0      0    71%
azure/ai/evaluation/_legacy/_adapters/types.py                                                       6      2      0      0    67%
azure/ai/evaluation/_legacy/_adapters/utils.py                                                      18      9      0      0    50%
azure/ai/evaluation/_legacy/_batch_engine/_config.py                                                23      5     12      5    71%
azure/ai/evaluation/_legacy/_batch_engine/_engine.py                                               200     26     81     16    84%
azure/ai/evaluation/_legacy/_batch_engine/_exceptions.py                                            32     12      0      0    62%
azure/ai/evaluation/_legacy/_batch_engine/_openai_injector.py                                       71     15     20      2    77%
azure/ai/evaluation/_legacy/_batch_engine/_result.py                                                56      8     16      1    82%
azure/ai/evaluation/_legacy/_batch_engine/_run.py                                                   66      7     18      7    83%
azure/ai/evaluation/_legacy/_batch_engine/_run_storage.py                                           58     11      0      0    81%
azure/ai/evaluation/_legacy/_batch_engine/_run_submitter.py                                        120     27     54     12    70%
azure/ai/evaluation/_legacy/_batch_engine/_status.py                                                14      1      2      0    94%
azure/ai/evaluation/_legacy/_batch_engine/_trace.py                                                  3      0      0      0   100%
azure/ai/evaluation/_legacy/_batch_engine/_utils.py                                                 35      9     14      5    71%
azure/ai/evaluation/_legacy/_batch_engine/_utils_deprecated.py                                      46     30     30      1    22%
azure/ai/evaluation/_legacy/_common/_async_token_provider.py                                        50     34     20      0    23%
azure/ai/evaluation/_legacy/_common/_logging.py                                                    140     21     32      8    78%
azure/ai/evaluation/_legacy/_common/_thread_pool_executor_with_context.py                            9      0      0      0   100%
azure/ai/evaluation/_legacy/prompty/__init__.py                                                      4      0      0      0   100%
azure/ai/evaluation/_legacy/prompty/_connection.py                                                  59     13     18      4    73%
azure/ai/evaluation/_legacy/prompty/_exceptions.py                                                  57     23     10      5    58%
azure/ai/evaluation/_legacy/prompty/_prompty.py                                                    134     26     36     13    75%
azure/ai/evaluation/_legacy/prompty/_utils.py                                                      259    139    134     13    42%
azure/ai/evaluation/_legacy/prompty/_yaml_utils.py                                                  38     28     11      0    20%
azure/ai/evaluation/_model_configurations.py                                                        47      0      0      0   100%
azure/ai/evaluation/_safety_evaluation/_safety_evaluation.py                                       330     81    171     36    70%
azure/ai/evaluation/_user_agent.py                                                                  17      5      0      0    71%
azure/ai/evaluation/_vendor/rouge_score/rouge_scorer.py                                            130    112     67      0     9%
azure/ai/evaluation/_vendor/rouge_score/scoring.py                                                  12      3      2      0    64%
azure/ai/evaluation/_vendor/rouge_score/tokenize.py                                                 15      7      6      0    38%
azure/ai/evaluation/_vendor/rouge_score/tokenizers.py                                               12      3      0      0    75%
azure/ai/evaluation/_version.py                                                                      1      0      0      0   100%
azure/ai/evaluation/red_team/__init__.py                                                             8      8      0      0     0%
azure/ai/evaluation/red_team/_agent/_agent_functions.py                                             61     61     18      0     0%
azure/ai/evaluation/red_team/_agent/_agent_tools.py                                                132    132     52      0     0%
azure/ai/evaluation/red_team/_agent/_agent_utils.py                                                 31     31      4      0     0%
azure/ai/evaluation/red_team/_agent/_semantic_kernel_plugin.py                                      56     56     14      0     0%
azure/ai/evaluation/red_team/_attack_objective_generator.py                                        142    142     70      0     0%
azure/ai/evaluation/red_team/_attack_strategy.py                                                    41     41      8      0     0%
azure/ai/evaluation/red_team/_callback_chat_target.py                                               50     50     22      0     0%
azure/ai/evaluation/red_team/_default_converter.py                                                  12     12      2      0     0%
azure/ai/evaluation/red_team/_evaluation_processor.py                                              212    212     76      0     0%
azure/ai/evaluation/red_team/_mlflow_integration.py                                                191    191     62      0     0%
azure/ai/evaluation/red_team/_orchestrator_manager.py                                              302    302    136      0     0%
azure/ai/evaluation/red_team/_red_team.py                                                          711    711    301      0     0%
azure/ai/evaluation/red_team/_red_team_result.py                                                   251    251     76      0     0%
azure/ai/evaluation/red_team/_result_processor.py                                                  781    781    488      0     0%
azure/ai/evaluation/red_team/_utils/__init__.py                                                      5      5      0      0     0%
azure/ai/evaluation/red_team/_utils/_rai_service_eval_chat_target.py                                49     49      4      0     0%
azure/ai/evaluation/red_team/_utils/_rai_service_target.py                                         316    316    124      0     0%
azure/ai/evaluation/red_team/_utils/_rai_service_true_false_scorer.py                               28     28      2      0     0%
azure/ai/evaluation/red_team/_utils/constants.py                                                    11     11      0      0     0%
azure/ai/evaluation/red_team/_utils/exception_utils.py                                             150    150     71      0     0%
azure/ai/evaluation/red_team/_utils/file_utils.py                                                  124    124     52      0     0%
azure/ai/evaluation/red_team/_utils/formatting_utils.py                                            148    148     60      0     0%
azure/ai/evaluation/red_team/_utils/logging_utils.py                                                47     47     12      0     0%
azure/ai/evaluation/red_team/_utils/metric_mapping.py                                               14     14      2      0     0%
azure/ai/evaluation/red_team/_utils/objective_utils.py                                              16     16     10      0     0%
azure/ai/evaluation/red_team/_utils/progress_utils.py                                              112    112     38      0     0%
azure/ai/evaluation/red_team/_utils/retry_utils.py                                                  56     56      8      0     0%
azure/ai/evaluation/red_team/_utils/strategy_utils.py                                               66     66     20      0     0%
azure/ai/evaluation/simulator/__init__.py                                                            7      0      0      0   100%
azure/ai/evaluation/simulator/_adversarial_scenario.py                                              23      0      6      0   100%
azure/ai/evaluation/simulator/_adversarial_simulator.py                                            168    119     74      3    22%
azure/ai/evaluation/simulator/_constants.py                                                         11      0      0      0   100%
azure/ai/evaluation/simulator/_conversation/__init__.py                                            159     61     46      7    58%
azure/ai/evaluation/simulator/_conversation/_conversation.py                                        58     46     30      0    14%
azure/ai/evaluation/simulator/_conversation/constants.py                                            14      0      0      0   100%
azure/ai/evaluation/simulator/_direct_attack_simulator.py                                           45     16     10      2    60%
azure/ai/evaluation/simulator/_helpers/__init__.py                                                   3      0      0      0   100%
azure/ai/evaluation/simulator/_helpers/_language_suffix_mapping.py                                   3      0      0      0   100%
azure/ai/evaluation/simulator/_helpers/_simulator_data_classes.py                                   29      4      8      0    84%
azure/ai/evaluation/simulator/_indirect_attack_simulator.py                                         73     52     22      0    24%
azure/ai/evaluation/simulator/_model_tools/__init__.py                                               7      0      0      0   100%
azure/ai/evaluation/simulator/_model_tools/_generated_rai_client.py                                 77     77     16      0     0%
azure/ai/evaluation/simulator/_model_tools/_identity_manager.py                                     63     27     12      1    49%
azure/ai/evaluation/simulator/_model_tools/_proxy_completion_model.py                              105     81     18      0    20%
azure/ai/evaluation/simulator/_model_tools/_rai_client.py                                           91     54     22      2    35%
azure/ai/evaluation/simulator/_model_tools/_template_handler.py                                     85     47     24      0    35%
azure/ai/evaluation/simulator/_model_tools/models.py                                               241    143     66      4    35%
azure/ai/evaluation/simulator/_simulator.py                                                        206     46     72     15    76%
azure/ai/evaluation/simulator/_utils.py                                                             54     37     28      1    24%
----------------------------------------------------------------------------------------------------------------------------------
TOTAL                                                                                            29237  19741  10333    692    29%

17 empty files skipped.
